\BOOKMARK [1][-]{section.1}{\376\377\137\025\212\000}{}% 1
\BOOKMARK [2][-]{subsection.1.1}{\376\377\230\171\166\356\200\314\146\157}{section.1}% 2
\BOOKMARK [2][-]{subsection.1.2}{\376\377\147\054\116\272\215\037\215\043\152\041\127\127}{section.1}% 3
\BOOKMARK [2][-]{subsection.1.3}{\376\377\116\073\211\201\215\041\163\056}{section.1}% 4
\BOOKMARK [1][-]{section.2}{\376\377\166\370\121\163\135\345\117\134}{}% 5
\BOOKMARK [2][-]{subsection.2.1}{\376\377\167\345\213\306\126\376\214\061\116\016\143\250\203\120\174\373\176\337}{section.2}% 6
\BOOKMARK [2][-]{subsection.2.2}{\376\377\230\337\214\061\145\160\143\156\226\306\116\016\131\004\164\006}{section.2}% 7
\BOOKMARK [2][-]{subsection.2.3}{\376\377\166\370\117\074\136\246\213\241\173\227\145\271\154\325}{section.2}% 8
\BOOKMARK [1][-]{section.3}{\376\377\152\041\127\213\147\266\147\204\116\016\145\160\133\146\143\250\133\374}{}% 9
\BOOKMARK [2][-]{subsection.3.1}{\376\377\145\160\143\156\131\004\164\006\155\101\172\013}{section.3}% 10
\BOOKMARK [2][-]{subsection.3.2}{\376\377\000M\000a\000r\000k\000d\000o\000w\000n\000\040\172\340\202\202\211\343\147\220}{section.3}% 11
\BOOKMARK [2][-]{subsection.3.3}{\376\377\126\376\176\323\147\204\136\372\152\041}{section.3}% 12
\BOOKMARK [3][-]{subsubsection.3.3.1}{\376\377\166\370\117\074\136\246\213\241\173\227}{subsection.3.3}% 13
\BOOKMARK [3][-]{subsubsection.3.3.2}{\376\377\126\376\147\204\136\372}{subsection.3.3}% 14
\BOOKMARK [2][-]{subsection.3.4}{\376\377\220\273\127\337\150\300\175\042\173\227\154\325}{section.3}% 15
\BOOKMARK [1][-]{section.4}{\376\377\133\236\163\260\176\306\202\202}{}% 16
\BOOKMARK [2][-]{subsection.4.1}{\376\377\145\160\143\156\203\267\123\326\152\041\127\127\000\040\000\050\000d\000a\000t\000a\000\137\000i\000n\000g\000e\000s\000t\000.\000p\000y\000\051}{section.4}% 17
\BOOKMARK [3][-]{subsubsection.4.1.1}{\376\377\131\032\173\126\165\145\145\160\143\156\203\267\123\326}{subsection.4.1}% 18
\BOOKMARK [3][-]{subsubsection.4.1.2}{\376\377\000G\000i\000t\000\040\000C\000l\000o\000n\000e\000\040\133\236\163\260}{subsection.4.1}% 19
\BOOKMARK [3][-]{subsubsection.4.1.3}{\376\377\000M\000a\000r\000k\000d\000o\000w\000n\000\040\211\343\147\220}{subsection.4.1}% 20
\BOOKMARK [3][-]{subsubsection.4.1.4}{\376\377\150\007\173\176\143\250\133\374}{subsection.4.1}% 21
\BOOKMARK [2][-]{subsection.4.2}{\376\377\126\376\147\204\136\372\152\041\127\127\000\040\000\050\000g\000r\000a\000p\000h\000\137\000b\000u\000i\000l\000d\000e\000r\000.\000p\000y\000\051}{section.4}% 22
\BOOKMARK [2][-]{subsection.4.3}{\376\377\126\376\150\300\175\042\152\041\127\127\000\040\000\050\000r\000e\000t\000r\000i\000e\000v\000a\000l\000.\000p\000y\000\051}{section.4}% 23
\BOOKMARK [2][-]{subsection.4.4}{\376\377\165\050\142\067\165\073\120\317\152\041\127\127\000\040\000\050\000u\000s\000e\000r\000\137\000p\000r\000o\000f\000i\000l\000e\000s\000.\000p\000y\000\051}{section.4}% 24
\BOOKMARK [2][-]{subsection.4.5}{\376\377\145\160\143\156\121\306\131\007\201\032\147\054\000\040\000\050\000b\000o\000o\000t\000s\000t\000r\000a\000p\000\137\000d\000a\000t\000a\000.\000p\000y\000\051}{section.4}% 25
\BOOKMARK [1][-]{section.5}{\376\377\133\236\232\214\213\276\177\156}{}% 26
\BOOKMARK [2][-]{subsection.5.1}{\376\377\145\160\143\156\226\306\176\337\213\241}{section.5}% 27
\BOOKMARK [2][-]{subsection.5.2}{\376\377\126\376\176\323\147\204\176\337\213\241}{section.5}% 28
\BOOKMARK [2][-]{subsection.5.3}{\376\377\140\047\200\375\155\113\213\325\163\257\130\203}{section.5}% 29
\BOOKMARK [1][-]{section.6}{\376\377\176\323\147\234\116\016\122\006\147\220}{}% 30
\BOOKMARK [2][-]{subsection.6.1}{\376\377\145\160\143\156\131\004\164\006\176\323\147\234}{section.6}% 31
\BOOKMARK [2][-]{subsection.6.2}{\376\377\166\370\117\074\136\246\122\006\136\003}{section.6}% 32
\BOOKMARK [2][-]{subsection.6.3}{\376\377\150\300\175\042\215\050\221\317}{section.6}% 33
\BOOKMARK [2][-]{subsection.6.4}{\376\377\140\047\200\375\122\006\147\220}{section.6}% 34
\BOOKMARK [2][-]{subsection.6.5}{\376\377\166\370\117\074\136\246\147\103\221\315\122\006\147\220}{section.6}% 35
\BOOKMARK [1][-]{section.7}{\376\377\123\357\131\015\163\260\140\047\116\016\116\343\170\001\176\323\147\204}{}% 36
\BOOKMARK [2][-]{subsection.7.1}{\376\377\166\370\121\163\145\207\116\366}{section.7}% 37
\BOOKMARK [2][-]{subsection.7.2}{\376\377\145\160\143\156\166\356\137\125\176\323\147\204}{section.7}% 38
\BOOKMARK [2][-]{subsection.7.3}{\376\377\217\320\210\114\124\175\116\344}{section.7}% 39
\BOOKMARK [1][-]{section.8}{\376\377\140\073\176\323\116\016\147\052\147\145\135\345\117\134}{}% 40
\BOOKMARK [2][-]{subsection.8.1}{\376\377\135\345\117\134\140\073\176\323}{section.8}% 41
\BOOKMARK [2][-]{subsection.8.2}{\376\377\133\146\116\140\145\066\203\267}{section.8}% 42
\BOOKMARK [2][-]{subsection.8.3}{\376\377\147\052\147\145\145\071\217\333\145\271\124\021}{section.8}% 43
