\BOOKMARK [1][-]{section.1}{\376\377\137\025\212\000}{}% 1
\BOOKMARK [2][-]{subsection.1.1}{\376\377\230\171\166\356\200\314\146\157\116\016\122\250\147\072}{section.1}% 2
\BOOKMARK [2][-]{subsection.1.2}{\376\377\147\054\116\272\215\037\215\043\152\041\127\127\151\202\217\360}{section.1}% 3
\BOOKMARK [2][-]{subsection.1.3}{\376\377\116\073\211\201\215\041\163\056}{section.1}% 4
\BOOKMARK [1][-]{section.2}{\376\377\166\370\121\163\135\345\117\134}{}% 5
\BOOKMARK [2][-]{subsection.2.1}{\376\377\150\300\175\042\130\236\137\072\165\037\142\020\377\010\000R\000A\000G\377\011}{section.2}% 6
\BOOKMARK [2][-]{subsection.2.2}{\376\377\126\376\171\136\176\317\177\121\176\334\116\016\167\345\213\306\126\376\214\061}{section.2}% 7
\BOOKMARK [2][-]{subsection.2.3}{\376\377\203\334\214\061\143\250\203\120\174\373\176\337}{section.2}% 8
\BOOKMARK [1][-]{section.3}{\376\377\152\041\127\213\147\266\147\204\116\016\145\160\133\146\143\250\133\374}{}% 9
\BOOKMARK [2][-]{subsection.3.1}{\376\377\174\373\176\337\140\073\117\123\147\266\147\204}{section.3}% 10
\BOOKMARK [2][-]{subsection.3.2}{\376\377\221\115\177\156\173\241\164\006\145\160\133\146\152\041\127\213}{section.3}% 11
\BOOKMARK [2][-]{subsection.3.3}{\376\377\143\250\203\120\173\241\176\277\162\266\140\001\217\154\143\142}{section.3}% 12
\BOOKMARK [2][-]{subsection.3.4}{\376\377\131\032\215\357\137\204\150\300\175\042\121\263\173\126}{section.3}% 13
\BOOKMARK [1][-]{section.4}{\376\377\133\236\163\260\176\306\202\202}{}% 14
\BOOKMARK [2][-]{subsection.4.1}{\376\377\221\115\177\156\173\241\164\006\152\041\127\127\000\040\000\050\000c\000o\000n\000f\000i\000g\000.\000p\000y\000\051}{section.4}% 15
\BOOKMARK [2][-]{subsection.4.2}{\376\377\150\070\137\303\173\241\176\277\133\236\163\260\000\040\000\050\000p\000i\000p\000e\000l\000i\000n\000e\000.\000p\000y\000\051}{section.4}% 16
\BOOKMARK [2][-]{subsection.4.3}{\376\377\145\160\143\156\152\041\127\213\213\276\213\241\000\040\000\050\000d\000a\000t\000a\000\137\000m\000o\000d\000e\000l\000s\000.\000p\000y\000\051}{section.4}% 17
\BOOKMARK [2][-]{subsection.4.4}{\376\377\000C\000L\000I\000\040\134\125\171\072\152\041\127\127\000\040\000\050\000u\000i\000\137\000c\000o\000m\000p\000o\000n\000e\000n\000t\000s\000.\000p\000y\000\051}{section.4}% 18
\BOOKMARK [2][-]{subsection.4.5}{\376\377\131\032\134\102\126\336\220\000\147\072\122\066}{section.4}% 19
\BOOKMARK [1][-]{section.5}{\376\377\133\236\232\214\213\276\177\156}{}% 20
\BOOKMARK [2][-]{subsection.5.1}{\376\377\145\160\143\156\226\306}{section.5}% 21
\BOOKMARK [2][-]{subsection.5.2}{\376\377\217\320\210\114\163\257\130\203}{section.5}% 22
\BOOKMARK [2][-]{subsection.5.3}{\376\377\213\304\117\060\143\007\150\007}{section.5}% 23
\BOOKMARK [1][-]{section.6}{\376\377\176\323\147\234\116\016\122\006\147\220}{}% 24
\BOOKMARK [2][-]{subsection.6.1}{\376\377\122\237\200\375\155\113\213\325\176\323\147\234}{section.6}% 25
\BOOKMARK [2][-]{subsection.6.2}{\376\377\000C\000L\000I\000\040\217\223\121\372\171\072\117\213}{section.6}% 26
\BOOKMARK [2][-]{subsection.6.3}{\376\377\140\047\200\375\122\006\147\220}{section.6}% 27
\BOOKMARK [1][-]{section.7}{\376\377\123\357\131\015\163\260\140\047\116\016\116\343\170\001\176\323\147\204}{}% 28
\BOOKMARK [2][-]{subsection.7.1}{\376\377\000G\000i\000t\000H\000u\000b\000\040\116\323\136\223}{section.7}% 29
\BOOKMARK [2][-]{subsection.7.2}{\376\377\217\320\210\114\124\175\116\344}{section.7}% 30
\BOOKMARK [1][-]{section.8}{\376\377\140\073\176\323\116\016\147\052\147\145\135\345\117\134}{}% 31
\BOOKMARK [2][-]{subsection.8.1}{\376\377\135\345\117\134\140\073\176\323}{section.8}% 32
\BOOKMARK [2][-]{subsection.8.2}{\376\377\133\146\116\140\145\066\203\267}{section.8}% 33
\BOOKMARK [2][-]{subsection.8.3}{\376\377\147\052\147\145\145\071\217\333\145\271\124\021}{section.8}% 34
