\BOOKMARK [1][-]{section.1}{\376\377\137\025\212\000}{}% 1
\BOOKMARK [2][-]{subsection.1.1}{\376\377\230\171\166\356\200\314\146\157}{section.1}% 2
\BOOKMARK [2][-]{subsection.1.2}{\376\377\147\054\116\272\215\037\215\043\152\041\127\127}{section.1}% 3
\BOOKMARK [2][-]{subsection.1.3}{\376\377\116\073\211\201\215\041\163\056}{section.1}% 4
\BOOKMARK [1][-]{section.2}{\376\377\166\370\121\163\135\345\117\134}{}% 5
\BOOKMARK [2][-]{subsection.2.1}{\376\377\131\047\213\355\212\000\152\041\127\213\116\016\143\250\203\120\174\373\176\337}{section.2}% 6
\BOOKMARK [2][-]{subsection.2.2}{\376\377\000P\000r\000o\000m\000p\000t\000\040\000E\000n\000g\000i\000n\000e\000e\000r\000i\000n\000g}{section.2}% 7
\BOOKMARK [2][-]{subsection.2.3}{\376\377\000S\000e\000n\000t\000e\000n\000c\000e\000\040\000E\000m\000b\000e\000d\000d\000i\000n\000g\000s}{section.2}% 8
\BOOKMARK [1][-]{section.3}{\376\377\152\041\127\213\147\266\147\204\116\016\145\160\133\146\143\250\133\374}{}% 9
\BOOKMARK [2][-]{subsection.3.1}{\376\377\213\355\116\111\124\021\221\317\175\042\137\025\147\266\147\204}{section.3}% 10
\BOOKMARK [2][-]{subsection.3.2}{\376\377\166\370\117\074\136\246\213\241\173\227}{section.3}% 11
\BOOKMARK [2][-]{subsection.3.3}{\376\377\000T\000o\000p\000-\000K\000\040\150\300\175\042}{section.3}% 12
\BOOKMARK [2][-]{subsection.3.4}{\376\377\000P\000r\000o\000m\000p\000t\000\040\152\041\147\177\213\276\213\241}{section.3}% 13
\BOOKMARK [2][-]{subsection.3.5}{\376\377\000L\000L\000M\000\040\165\037\142\020\151\202\163\207\152\041\127\213}{section.3}% 14
\BOOKMARK [1][-]{section.4}{\376\377\133\236\163\260\176\306\202\202}{}% 15
\BOOKMARK [2][-]{subsection.4.1}{\376\377\000L\000L\000M\000\040\165\037\142\020\126\150\152\041\127\127\000\040\000\050\000l\000l\000m\000\137\000g\000e\000n\000e\000r\000a\000t\000o\000r\000.\000p\000y\000\051}{section.4}% 16
\BOOKMARK [3][-]{subsubsection.4.1.1}{\376\377\174\173\176\323\147\204\213\276\213\241}{subsection.4.1}% 17
\BOOKMARK [3][-]{subsubsection.4.1.2}{\376\377\000P\000r\000o\000m\000p\000t\000\040\152\041\147\177\133\236\163\260}{subsection.4.1}% 18
\BOOKMARK [3][-]{subsubsection.4.1.3}{\376\377\165\037\142\020\116\016\126\336\220\000\173\126\165\145}{subsection.4.1}% 19
\BOOKMARK [2][-]{subsection.4.2}{\376\377\213\355\116\111\124\021\221\317\175\042\137\025\152\041\127\127\000\040\000\050\000e\000m\000b\000e\000d\000d\000i\000n\000g\000s\000.\000p\000y\000\051}{section.4}% 20
\BOOKMARK [3][-]{subsubsection.4.2.1}{\376\377\175\042\137\025\147\204\136\372}{subsection.4.2}% 21
\BOOKMARK [3][-]{subsubsection.4.2.2}{\376\377\124\021\221\317\150\300\175\042}{subsection.4.2}% 22
\BOOKMARK [3][-]{subsubsection.4.2.3}{\376\377\203\334\214\061\166\370\117\074\136\246\150\300\175\042}{subsection.4.2}% 23
\BOOKMARK [2][-]{subsection.4.3}{\376\377\152\041\127\213\122\240\217\175\116\016\137\002\136\070\131\004\164\006}{section.4}% 24
\BOOKMARK [1][-]{section.5}{\376\377\133\236\232\214\213\276\177\156}{}% 25
\BOOKMARK [2][-]{subsection.5.1}{\376\377\152\041\127\213\221\115\177\156}{section.5}% 26
\BOOKMARK [2][-]{subsection.5.2}{\376\377\213\304\117\060\145\271\154\325}{section.5}% 27
\BOOKMARK [3][-]{subsubsection.5.2.1}{\376\377\213\355\116\111\150\300\175\042\213\304\117\060}{subsection.5.2}% 28
\BOOKMARK [3][-]{subsubsection.5.2.2}{\376\377\000L\000L\000M\000\040\165\037\142\020\213\304\117\060}{subsection.5.2}% 29
\BOOKMARK [1][-]{section.6}{\376\377\176\323\147\234\116\016\122\006\147\220}{}% 30
\BOOKMARK [2][-]{subsection.6.1}{\376\377\213\355\116\111\150\300\175\042\176\323\147\234}{section.6}% 31
\BOOKMARK [2][-]{subsection.6.2}{\376\377\000L\000L\000M\000\040\165\037\142\020\171\072\117\213}{section.6}% 32
\BOOKMARK [2][-]{subsection.6.3}{\376\377\126\336\220\000\173\126\165\145\145\110\147\234}{section.6}% 33
\BOOKMARK [2][-]{subsection.6.4}{\376\377\140\047\200\375\143\007\150\007}{section.6}% 34
\BOOKMARK [1][-]{section.7}{\376\377\123\357\131\015\163\260\140\047\116\016\116\343\170\001\176\323\147\204}{}% 35
\BOOKMARK [2][-]{subsection.7.1}{\376\377\166\370\121\163\145\207\116\366}{section.7}% 36
\BOOKMARK [2][-]{subsection.7.2}{\376\377\163\257\130\203\221\115\177\156}{section.7}% 37
\BOOKMARK [2][-]{subsection.7.3}{\376\377\155\113\213\325\124\175\116\344}{section.7}% 38
\BOOKMARK [1][-]{section.8}{\376\377\140\073\176\323\116\016\147\052\147\145\135\345\117\134}{}% 39
\BOOKMARK [2][-]{subsection.8.1}{\376\377\135\345\117\134\140\073\176\323}{section.8}% 40
\BOOKMARK [2][-]{subsection.8.2}{\376\377\133\146\116\140\145\066\203\267}{section.8}% 41
\BOOKMARK [2][-]{subsection.8.3}{\376\377\147\052\147\145\145\071\217\333\145\271\124\021}{section.8}% 42
